[2026-04-15 07:03:08] [ERROR] Fatal Error: Cannot redeclare App\Models\MangaModel::findWorstRatedMangas() in C:\wamp64\www\lolissr\Models\MangaModel.php on line 188
[2026-04-15 07:03:09] [ERROR] Fatal Error: Cannot redeclare App\Models\MangaModel::findWorstRatedMangas() in C:\wamp64\www\lolissr\Models\MangaModel.php on line 188
[2026-04-15 07:03:10] [ERROR] Fatal Error: Cannot redeclare App\Models\MangaModel::findWorstRatedMangas() in C:\wamp64\www\lolissr\Models\MangaModel.php on line 188
[2026-04-15 07:03:10] [ERROR] Fatal Error: Cannot redeclare App\Models\MangaModel::findWorstRatedMangas() in C:\wamp64\www\lolissr\Models\MangaModel.php on line 188
[2026-04-15 07:03:30] [ERROR] Fatal Error: Cannot redeclare App\Models\MangaModel::findWorstRatedMangas() in C:\wamp64\www\lolissr\Models\MangaModel.php on line 181
[2026-04-15 07:03:30] [ERROR] Fatal Error: Cannot redeclare App\Models\MangaModel::findWorstRatedMangas() in C:\wamp64\www\lolissr\Models\MangaModel.php on line 181
[2026-04-15 07:03:31] [ERROR] Fatal Error: Cannot redeclare App\Models\MangaModel::findWorstRatedMangas() in C:\wamp64\www\lolissr\Models\MangaModel.php on line 181
[2026-04-15 07:03:31] [ERROR] Fatal Error: Cannot redeclare App\Models\MangaModel::findWorstRatedMangas() in C:\wamp64\www\lolissr\Models\MangaModel.php on line 181
[2026-04-15 15:11:13] [ERROR] PHP Error [2] Undefined variable $isCollection dans C:\wamp64\www\lolissr\Views\manga\collection.php à la ligne 23
[2026-04-15 15:11:13] [ERROR] PHP Error [2] Undefined variable $isCollection dans C:\wamp64\www\lolissr\Views\manga\collection.php à la ligne 40
[2026-04-15 15:11:13] [ERROR] PHP Error [2] Undefined variable $isCollection dans C:\wamp64\www\lolissr\Views\manga\collection.php à la ligne 46
[2026-04-15 15:11:13] [ERROR] PHP Error [2] Undefined variable $isCollection dans C:\wamp64\www\lolissr\Views\manga\collection.php à la ligne 56
[2026-04-15 15:11:13] [ERROR] PHP Error [2] Undefined variable $isCollection dans C:\wamp64\www\lolissr\Views\manga\collection.php à la ligne 23
[2026-04-15 15:11:13] [ERROR] PHP Error [2] Undefined variable $isCollection dans C:\wamp64\www\lolissr\Views\manga\collection.php à la ligne 40
[2026-04-15 15:11:13] [ERROR] PHP Error [2] Undefined variable $isCollection dans C:\wamp64\www\lolissr\Views\manga\collection.php à la ligne 46
[2026-04-15 15:11:13] [ERROR] PHP Error [2] Undefined variable $isCollection dans C:\wamp64\www\lolissr\Views\manga\collection.php à la ligne 56
[2026-04-15 15:11:13] [ERROR] PHP Error [2] Undefined variable $isCollection dans C:\wamp64\www\lolissr\Views\manga\collection.php à la ligne 23
[2026-04-15 15:11:13] [ERROR] PHP Error [2] Undefined variable $isCollection dans C:\wamp64\www\lolissr\Views\manga\collection.php à la ligne 40
[2026-04-15 15:11:13] [ERROR] PHP Error [2] Undefined variable $isCollection dans C:\wamp64\www\lolissr\Views\manga\collection.php à la ligne 46
[2026-04-15 15:11:13] [ERROR] PHP Error [2] Undefined variable $isCollection dans C:\wamp64\www\lolissr\Views\manga\collection.php à la ligne 56
[2026-04-15 15:11:13] [ERROR] PHP Error [2] Undefined variable $isCollection dans C:\wamp64\www\lolissr\Views\manga\collection.php à la ligne 23
[2026-04-15 15:11:13] [ERROR] PHP Error [2] Undefined variable $isCollection dans C:\wamp64\www\lolissr\Views\manga\collection.php à la ligne 40
[2026-04-15 15:11:13] [ERROR] PHP Error [2] Undefined variable $isCollection dans C:\wamp64\www\lolissr\Views\manga\collection.php à la ligne 46
[2026-04-15 15:11:13] [ERROR] PHP Error [2] Undefined variable $isCollection dans C:\wamp64\www\lolissr\Views\manga\collection.php à la ligne 56
[2026-04-15 15:11:13] [ERROR] PHP Error [2] Undefined variable $isCollection dans C:\wamp64\www\lolissr\Views\manga\collection.php à la ligne 23
[2026-04-15 15:11:13] [ERROR] PHP Error [2] Undefined variable $isCollection dans C:\wamp64\www\lolissr\Views\manga\collection.php à la ligne 40
[2026-04-15 15:11:13] [ERROR] PHP Error [2] Undefined variable $isCollection dans C:\wamp64\www\lolissr\Views\manga\collection.php à la ligne 46
[2026-04-15 15:11:13] [ERROR] PHP Error [2] Undefined variable $isCollection dans C:\wamp64\www\lolissr\Views\manga\collection.php à la ligne 56
[2026-04-15 15:11:13] [ERROR] PHP Error [2] Undefined variable $isCollection dans C:\wamp64\www\lolissr\Views\manga\collection.php à la ligne 23
[2026-04-15 15:11:13] [ERROR] PHP Error [2] Undefined variable $isCollection dans C:\wamp64\www\lolissr\Views\manga\collection.php à la ligne 40
[2026-04-15 15:11:13] [ERROR] PHP Error [2] Undefined variable $isCollection dans C:\wamp64\www\lolissr\Views\manga\collection.php à la ligne 46
[2026-04-15 15:11:13] [ERROR] PHP Error [2] Undefined variable $isCollection dans C:\wamp64\www\lolissr\Views\manga\collection.php à la ligne 56
[2026-04-15 15:11:13] [ERROR] PHP Error [2] Undefined variable $isCollection dans C:\wamp64\www\lolissr\Views\manga\collection.php à la ligne 23
[2026-04-15 15:11:13] [ERROR] PHP Error [2] Undefined variable $isCollection dans C:\wamp64\www\lolissr\Views\manga\collection.php à la ligne 40
[2026-04-15 15:11:13] [ERROR] PHP Error [2] Undefined variable $isCollection dans C:\wamp64\www\lolissr\Views\manga\collection.php à la ligne 46
[2026-04-15 15:11:13] [ERROR] PHP Error [2] Undefined variable $isCollection dans C:\wamp64\www\lolissr\Views\manga\collection.php à la ligne 56
[2026-04-15 15:11:13] [ERROR] PHP Error [2] Undefined variable $isCollection dans C:\wamp64\www\lolissr\Views\manga\collection.php à la ligne 23
[2026-04-15 15:11:13] [ERROR] PHP Error [2] Undefined variable $isCollection dans C:\wamp64\www\lolissr\Views\manga\collection.php à la ligne 40
[2026-04-15 15:11:13] [ERROR] PHP Error [2] Undefined variable $isCollection dans C:\wamp64\www\lolissr\Views\manga\collection.php à la ligne 46
[2026-04-15 15:11:13] [ERROR] PHP Error [2] Undefined variable $isCollection dans C:\wamp64\www\lolissr\Views\manga\collection.php à la ligne 56
[2026-04-15 15:11:13] [ERROR] PHP Error [2] Undefined variable $isCollection dans C:\wamp64\www\lolissr\Views\manga\collection.php à la ligne 82
[2026-04-15 15:11:13] [ERROR] PHP Error [2] Undefined variable $isCollection dans C:\wamp64\www\lolissr\Views\manga\collection.php à la ligne 96
[2026-04-15 15:11:15] [ERROR] PHP Error [2] Undefined variable $isCollection dans C:\wamp64\www\lolissr\Views\manga\collection.php à la ligne 23
[2026-04-15 15:11:15] [ERROR] PHP Error [2] Undefined variable $isCollection dans C:\wamp64\www\lolissr\Views\manga\collection.php à la ligne 40
[2026-04-15 15:11:15] [ERROR] PHP Error [2] Undefined variable $isCollection dans C:\wamp64\www\lolissr\Views\manga\collection.php à la ligne 46
[2026-04-15 15:11:15] [ERROR] PHP Error [2] Undefined variable $isCollection dans C:\wamp64\www\lolissr\Views\manga\collection.php à la ligne 56
[2026-04-15 15:11:15] [ERROR] PHP Error [2] Undefined variable $isCollection dans C:\wamp64\www\lolissr\Views\manga\collection.php à la ligne 23
[2026-04-15 15:11:15] [ERROR] PHP Error [2] Undefined variable $isCollection dans C:\wamp64\www\lolissr\Views\manga\collection.php à la ligne 40
[2026-04-15 15:11:15] [ERROR] PHP Error [2] Undefined variable $isCollection dans C:\wamp64\www\lolissr\Views\manga\collection.php à la ligne 46
[2026-04-15 15:11:15] [ERROR] PHP Error [2] Undefined variable $isCollection dans C:\wamp64\www\lolissr\Views\manga\collection.php à la ligne 56
[2026-04-15 15:11:15] [ERROR] PHP Error [2] Undefined variable $isCollection dans C:\wamp64\www\lolissr\Views\manga\collection.php à la ligne 23
[2026-04-15 15:11:15] [ERROR] PHP Error [2] Undefined variable $isCollection dans C:\wamp64\www\lolissr\Views\manga\collection.php à la ligne 40
[2026-04-15 15:11:15] [ERROR] PHP Error [2] Undefined variable $isCollection dans C:\wamp64\www\lolissr\Views\manga\collection.php à la ligne 46
[2026-04-15 15:11:15] [ERROR] PHP Error [2] Undefined variable $isCollection dans C:\wamp64\www\lolissr\Views\manga\collection.php à la ligne 56
[2026-04-15 15:11:15] [ERROR] PHP Error [2] Undefined variable $isCollection dans C:\wamp64\www\lolissr\Views\manga\collection.php à la ligne 23
[2026-04-15 15:11:15] [ERROR] PHP Error [2] Undefined variable $isCollection dans C:\wamp64\www\lolissr\Views\manga\collection.php à la ligne 40
[2026-04-15 15:11:15] [ERROR] PHP Error [2] Undefined variable $isCollection dans C:\wamp64\www\lolissr\Views\manga\collection.php à la ligne 46
[2026-04-15 15:11:15] [ERROR] PHP Error [2] Undefined variable $isCollection dans C:\wamp64\www\lolissr\Views\manga\collection.php à la ligne 56
[2026-04-15 15:11:15] [ERROR] PHP Error [2] Undefined variable $isCollection dans C:\wamp64\www\lolissr\Views\manga\collection.php à la ligne 23
[2026-04-15 15:11:15] [ERROR] PHP Error [2] Undefined variable $isCollection dans C:\wamp64\www\lolissr\Views\manga\collection.php à la ligne 40
[2026-04-15 15:11:15] [ERROR] PHP Error [2] Undefined variable $isCollection dans C:\wamp64\www\lolissr\Views\manga\collection.php à la ligne 46
[2026-04-15 15:11:15] [ERROR] PHP Error [2] Undefined variable $isCollection dans C:\wamp64\www\lolissr\Views\manga\collection.php à la ligne 56
[2026-04-15 15:11:15] [ERROR] PHP Error [2] Undefined variable $isCollection dans C:\wamp64\www\lolissr\Views\manga\collection.php à la ligne 23
[2026-04-15 15:11:15] [ERROR] PHP Error [2] Undefined variable $isCollection dans C:\wamp64\www\lolissr\Views\manga\collection.php à la ligne 40
[2026-04-15 15:11:15] [ERROR] PHP Error [2] Undefined variable $isCollection dans C:\wamp64\www\lolissr\Views\manga\collection.php à la ligne 46
[2026-04-15 15:11:15] [ERROR] PHP Error [2] Undefined variable $isCollection dans C:\wamp64\www\lolissr\Views\manga\collection.php à la ligne 56
[2026-04-15 15:11:15] [ERROR] PHP Error [2] Undefined variable $isCollection dans C:\wamp64\www\lolissr\Views\manga\collection.php à la ligne 23
[2026-04-15 15:11:15] [ERROR] PHP Error [2] Undefined variable $isCollection dans C:\wamp64\www\lolissr\Views\manga\collection.php à la ligne 40
[2026-04-15 15:11:15] [ERROR] PHP Error [2] Undefined variable $isCollection dans C:\wamp64\www\lolissr\Views\manga\collection.php à la ligne 46
[2026-04-15 15:11:15] [ERROR] PHP Error [2] Undefined variable $isCollection dans C:\wamp64\www\lolissr\Views\manga\collection.php à la ligne 56
[2026-04-15 15:11:15] [ERROR] PHP Error [2] Undefined variable $isCollection dans C:\wamp64\www\lolissr\Views\manga\collection.php à la ligne 23
[2026-04-15 15:11:15] [ERROR] PHP Error [2] Undefined variable $isCollection dans C:\wamp64\www\lolissr\Views\manga\collection.php à la ligne 40
[2026-04-15 15:11:15] [ERROR] PHP Error [2] Undefined variable $isCollection dans C:\wamp64\www\lolissr\Views\manga\collection.php à la ligne 46
[2026-04-15 15:11:15] [ERROR] PHP Error [2] Undefined variable $isCollection dans C:\wamp64\www\lolissr\Views\manga\collection.php à la ligne 56
[2026-04-15 15:11:15] [ERROR] PHP Error [2] Undefined variable $isCollection dans C:\wamp64\www\lolissr\Views\manga\collection.php à la ligne 82
[2026-04-15 15:11:15] [ERROR] PHP Error [2] Undefined variable $isCollection dans C:\wamp64\www\lolissr\Views\manga\collection.php à la ligne 96
[2026-04-15 15:11:37] [ERROR] PHP Error [2] Undefined variable $isCollection dans C:\wamp64\www\lolissr\Views\manga\collection.php à la ligne 23
[2026-04-15 15:11:37] [ERROR] PHP Error [2] Undefined variable $isCollection dans C:\wamp64\www\lolissr\Views\manga\collection.php à la ligne 40
[2026-04-15 15:11:37] [ERROR] PHP Error [2] Undefined variable $isCollection dans C:\wamp64\www\lolissr\Views\manga\collection.php à la ligne 46
[2026-04-15 15:11:37] [ERROR] PHP Error [2] Undefined variable $isCollection dans C:\wamp64\www\lolissr\Views\manga\collection.php à la ligne 56
[2026-04-15 15:11:37] [ERROR] PHP Error [2] Undefined variable $isCollection dans C:\wamp64\www\lolissr\Views\manga\collection.php à la ligne 23
[2026-04-15 15:11:37] [ERROR] PHP Error [2] Undefined variable $isCollection dans C:\wamp64\www\lolissr\Views\manga\collection.php à la ligne 40
[2026-04-15 15:11:37] [ERROR] PHP Error [2] Undefined variable $isCollection dans C:\wamp64\www\lolissr\Views\manga\collection.php à la ligne 46
[2026-04-15 15:11:37] [ERROR] PHP Error [2] Undefined variable $isCollection dans C:\wamp64\www\lolissr\Views\manga\collection.php à la ligne 56
[2026-04-15 15:11:37] [ERROR] PHP Error [2] Undefined variable $isCollection dans C:\wamp64\www\lolissr\Views\manga\collection.php à la ligne 23
[2026-04-15 15:11:37] [ERROR] PHP Error [2] Undefined variable $isCollection dans C:\wamp64\www\lolissr\Views\manga\collection.php à la ligne 40
[2026-04-15 15:11:37] [ERROR] PHP Error [2] Undefined variable $isCollection dans C:\wamp64\www\lolissr\Views\manga\collection.php à la ligne 46
[2026-04-15 15:11:37] [ERROR] PHP Error [2] Undefined variable $isCollection dans C:\wamp64\www\lolissr\Views\manga\collection.php à la ligne 56
[2026-04-15 15:11:37] [ERROR] PHP Error [2] Undefined variable $isCollection dans C:\wamp64\www\lolissr\Views\manga\collection.php à la ligne 23
[2026-04-15 15:11:37] [ERROR] PHP Error [2] Undefined variable $isCollection dans C:\wamp64\www\lolissr\Views\manga\collection.php à la ligne 40
[2026-04-15 15:11:37] [ERROR] PHP Error [2] Undefined variable $isCollection dans C:\wamp64\www\lolissr\Views\manga\collection.php à la ligne 46
[2026-04-15 15:11:37] [ERROR] PHP Error [2] Undefined variable $isCollection dans C:\wamp64\www\lolissr\Views\manga\collection.php à la ligne 56
[2026-04-15 15:11:37] [ERROR] PHP Error [2] Undefined variable $isCollection dans C:\wamp64\www\lolissr\Views\manga\collection.php à la ligne 23
[2026-04-15 15:11:37] [ERROR] PHP Error [2] Undefined variable $isCollection dans C:\wamp64\www\lolissr\Views\manga\collection.php à la ligne 40
[2026-04-15 15:11:37] [ERROR] PHP Error [2] Undefined variable $isCollection dans C:\wamp64\www\lolissr\Views\manga\collection.php à la ligne 46
[2026-04-15 15:11:37] [ERROR] PHP Error [2] Undefined variable $isCollection dans C:\wamp64\www\lolissr\Views\manga\collection.php à la ligne 56
[2026-04-15 15:11:37] [ERROR] PHP Error [2] Undefined variable $isCollection dans C:\wamp64\www\lolissr\Views\manga\collection.php à la ligne 23
[2026-04-15 15:11:37] [ERROR] PHP Error [2] Undefined variable $isCollection dans C:\wamp64\www\lolissr\Views\manga\collection.php à la ligne 40
[2026-04-15 15:11:37] [ERROR] PHP Error [2] Undefined variable $isCollection dans C:\wamp64\www\lolissr\Views\manga\collection.php à la ligne 46
[2026-04-15 15:11:37] [ERROR] PHP Error [2] Undefined variable $isCollection dans C:\wamp64\www\lolissr\Views\manga\collection.php à la ligne 56
[2026-04-15 15:11:37] [ERROR] PHP Error [2] Undefined variable $isCollection dans C:\wamp64\www\lolissr\Views\manga\collection.php à la ligne 23
[2026-04-15 15:11:37] [ERROR] PHP Error [2] Undefined variable $isCollection dans C:\wamp64\www\lolissr\Views\manga\collection.php à la ligne 40
[2026-04-15 15:11:37] [ERROR] PHP Error [2] Undefined variable $isCollection dans C:\wamp64\www\lolissr\Views\manga\collection.php à la ligne 46
[2026-04-15 15:11:37] [ERROR] PHP Error [2] Undefined variable $isCollection dans C:\wamp64\www\lolissr\Views\manga\collection.php à la ligne 56
[2026-04-15 15:11:37] [ERROR] PHP Error [2] Undefined variable $isCollection dans C:\wamp64\www\lolissr\Views\manga\collection.php à la ligne 23
[2026-04-15 15:11:37] [ERROR] PHP Error [2] Undefined variable $isCollection dans C:\wamp64\www\lolissr\Views\manga\collection.php à la ligne 40
[2026-04-15 15:11:37] [ERROR] PHP Error [2] Undefined variable $isCollection dans C:\wamp64\www\lolissr\Views\manga\collection.php à la ligne 46
[2026-04-15 15:11:37] [ERROR] PHP Error [2] Undefined variable $isCollection dans C:\wamp64\www\lolissr\Views\manga\collection.php à la ligne 56
[2026-04-15 15:11:37] [ERROR] PHP Error [2] Undefined variable $isCollection dans C:\wamp64\www\lolissr\Views\manga\collection.php à la ligne 82
[2026-04-15 15:11:37] [ERROR] PHP Error [2] Undefined variable $isCollection dans C:\wamp64\www\lolissr\Views\manga\collection.php à la ligne 96
[2026-04-15 15:12:01] [ERROR] PHP Error [2] Undefined variable $isCollection dans C:\wamp64\www\lolissr\Views\manga\collection.php à la ligne 23
[2026-04-15 15:12:01] [ERROR] PHP Error [2] Undefined variable $isCollection dans C:\wamp64\www\lolissr\Views\manga\collection.php à la ligne 40
[2026-04-15 15:12:01] [ERROR] PHP Error [2] Undefined variable $isCollection dans C:\wamp64\www\lolissr\Views\manga\collection.php à la ligne 46
[2026-04-15 15:12:01] [ERROR] PHP Error [2] Undefined variable $isCollection dans C:\wamp64\www\lolissr\Views\manga\collection.php à la ligne 56
[2026-04-15 15:12:01] [ERROR] PHP Error [2] Undefined variable $isCollection dans C:\wamp64\www\lolissr\Views\manga\collection.php à la ligne 23
[2026-04-15 15:12:01] [ERROR] PHP Error [2] Undefined variable $isCollection dans C:\wamp64\www\lolissr\Views\manga\collection.php à la ligne 40
[2026-04-15 15:12:01] [ERROR] PHP Error [2] Undefined variable $isCollection dans C:\wamp64\www\lolissr\Views\manga\collection.php à la ligne 46
[2026-04-15 15:12:01] [ERROR] PHP Error [2] Undefined variable $isCollection dans C:\wamp64\www\lolissr\Views\manga\collection.php à la ligne 56
[2026-04-15 15:12:01] [ERROR] PHP Error [2] Undefined variable $isCollection dans C:\wamp64\www\lolissr\Views\manga\collection.php à la ligne 23
[2026-04-15 15:12:01] [ERROR] PHP Error [2] Undefined variable $isCollection dans C:\wamp64\www\lolissr\Views\manga\collection.php à la ligne 40
[2026-04-15 15:12:01] [ERROR] PHP Error [2] Undefined variable $isCollection dans C:\wamp64\www\lolissr\Views\manga\collection.php à la ligne 46
[2026-04-15 15:12:01] [ERROR] PHP Error [2] Undefined variable $isCollection dans C:\wamp64\www\lolissr\Views\manga\collection.php à la ligne 56
[2026-04-15 15:12:01] [ERROR] PHP Error [2] Undefined variable $isCollection dans C:\wamp64\www\lolissr\Views\manga\collection.php à la ligne 23
[2026-04-15 15:12:01] [ERROR] PHP Error [2] Undefined variable $isCollection dans C:\wamp64\www\lolissr\Views\manga\collection.php à la ligne 40
[2026-04-15 15:12:01] [ERROR] PHP Error [2] Undefined variable $isCollection dans C:\wamp64\www\lolissr\Views\manga\collection.php à la ligne 46
[2026-04-15 15:12:01] [ERROR] PHP Error [2] Undefined variable $isCollection dans C:\wamp64\www\lolissr\Views\manga\collection.php à la ligne 56
[2026-04-15 15:12:01] [ERROR] PHP Error [2] Undefined variable $isCollection dans C:\wamp64\www\lolissr\Views\manga\collection.php à la ligne 23
[2026-04-15 15:12:01] [ERROR] PHP Error [2] Undefined variable $isCollection dans C:\wamp64\www\lolissr\Views\manga\collection.php à la ligne 40
[2026-04-15 15:12:01] [ERROR] PHP Error [2] Undefined variable $isCollection dans C:\wamp64\www\lolissr\Views\manga\collection.php à la ligne 46
[2026-04-15 15:12:01] [ERROR] PHP Error [2] Undefined variable $isCollection dans C:\wamp64\www\lolissr\Views\manga\collection.php à la ligne 56
[2026-04-15 15:12:01] [ERROR] PHP Error [2] Undefined variable $isCollection dans C:\wamp64\www\lolissr\Views\manga\collection.php à la ligne 23
[2026-04-15 15:12:01] [ERROR] PHP Error [2] Undefined variable $isCollection dans C:\wamp64\www\lolissr\Views\manga\collection.php à la ligne 40
[2026-04-15 15:12:01] [ERROR] PHP Error [2] Undefined variable $isCollection dans C:\wamp64\www\lolissr\Views\manga\collection.php à la ligne 46
[2026-04-15 15:12:01] [ERROR] PHP Error [2] Undefined variable $isCollection dans C:\wamp64\www\lolissr\Views\manga\collection.php à la ligne 56
[2026-04-15 15:12:01] [ERROR] PHP Error [2] Undefined variable $isCollection dans C:\wamp64\www\lolissr\Views\manga\collection.php à la ligne 23
[2026-04-15 15:12:01] [ERROR] PHP Error [2] Undefined variable $isCollection dans C:\wamp64\www\lolissr\Views\manga\collection.php à la ligne 40
[2026-04-15 15:12:01] [ERROR] PHP Error [2] Undefined variable $isCollection dans C:\wamp64\www\lolissr\Views\manga\collection.php à la ligne 46
[2026-04-15 15:12:01] [ERROR] PHP Error [2] Undefined variable $isCollection dans C:\wamp64\www\lolissr\Views\manga\collection.php à la ligne 56
[2026-04-15 15:12:01] [ERROR] PHP Error [2] Undefined variable $isCollection dans C:\wamp64\www\lolissr\Views\manga\collection.php à la ligne 23
[2026-04-15 15:12:01] [ERROR] PHP Error [2] Undefined variable $isCollection dans C:\wamp64\www\lolissr\Views\manga\collection.php à la ligne 40
[2026-04-15 15:12:01] [ERROR] PHP Error [2] Undefined variable $isCollection dans C:\wamp64\www\lolissr\Views\manga\collection.php à la ligne 46
[2026-04-15 15:12:01] [ERROR] PHP Error [2] Undefined variable $isCollection dans C:\wamp64\www\lolissr\Views\manga\collection.php à la ligne 56
[2026-04-15 15:12:01] [ERROR] PHP Error [2] Undefined variable $isCollection dans C:\wamp64\www\lolissr\Views\manga\collection.php à la ligne 82
[2026-04-15 15:12:01] [ERROR] PHP Error [2] Undefined variable $isCollection dans C:\wamp64\www\lolissr\Views\manga\collection.php à la ligne 96
[2026-04-16 11:21:41] [ERROR] Upload manga: fichier déjà existant : C:\wamp64\www\lolissr/public/images/mangas/thumbnail/one-piece-11.webp
[2026-04-16 11:21:56] [ERROR] Upload manga: fichier déjà existant : C:\wamp64\www\lolissr/public/images/mangas/thumbnail/one-piece-11.webp
[2026-04-16 19:41:06] [ERROR] Uncaught Exception: Call to undefined method App\Controllers\MangaController::isAjaxRequest() dans C:\wamp64\www\lolissr\Controllers\MangaController.php à la ligne 340
[2026-04-17 08:17:21] [ERROR] Uncaught Exception: Call to undefined function App\Controllers\dd() dans C:\wamp64\www\lolissr\Controllers\MangaController.php à la ligne 675
[2026-04-17 08:17:22] [ERROR] Uncaught Exception: Call to undefined function App\Controllers\dd() dans C:\wamp64\www\lolissr\Controllers\MangaController.php à la ligne 675
[2026-04-17 08:19:07] [ERROR] UPDATE DEBUG BEFORE MODEL
[2026-04-17 08:19:07] [ERROR] UPDATE DEBUG RESULT
